<?xml version="1.0" encoding="UTF-8"?>
<!-- Generated by org.testng.reporters.JUnitReportReporter -->
<testsuite hostname="LAPTOP-HRJONV8L" failures="0" tests="1" name="tests.growApp" time="12.000" errors="0" timestamp="2022-07-12T08:35:50 IST" skipped="0">
  <testcase classname="tests.growApp" name="validateLogin" time="12.000"/>
  <system-out/>
</testsuite> <!-- tests.growApp -->
