<?xml version="1.0" encoding="UTF-8"?>
<!-- Generated by org.testng.reporters.JUnitReportReporter -->
<testsuite hostname="LAPTOP-HRJONV8L" failures="0" tests="1" name="a.myclass2" time="10.012" errors="0" timestamp="2022-07-06T18:04:11 IST" skipped="0">
  <testcase classname="a.myclass2" name="Test1" time="10.012"/>
  <system-out>
    <![CDATA[hii
hiii
test1 run done.]]>
  </system-out>
</testsuite> <!-- a.myclass2 -->
